[26-Oct-2017 13:36:09 UTC] PHP Warning:  require(vendor/autoload.php): failed to open stream: No such file or directory in /home/ubuntu/workspace/php/createUser.php on line 3
[26-Oct-2017 13:36:09 UTC] PHP Stack trace:
[26-Oct-2017 13:36:09 UTC] PHP   1. {main}() /home/ubuntu/workspace/php/createUser.php:0
[26-Oct-2017 13:36:09 UTC] PHP Fatal error:  require(): Failed opening required 'vendor/autoload.php' (include_path='.:/usr/share/php:/usr/share/pear') in /home/ubuntu/workspace/php/createUser.php on line 3
[26-Oct-2017 13:36:09 UTC] PHP Stack trace:
[26-Oct-2017 13:36:09 UTC] PHP   1. {main}() /home/ubuntu/workspace/php/createUser.php:0
[26-Oct-2017 13:36:28 UTC] PHP Warning:  require(./vendor/autoload.php): failed to open stream: No such file or directory in /home/ubuntu/workspace/php/createUser.php on line 3
[26-Oct-2017 13:36:28 UTC] PHP Stack trace:
[26-Oct-2017 13:36:28 UTC] PHP   1. {main}() /home/ubuntu/workspace/php/createUser.php:0
[26-Oct-2017 13:36:28 UTC] PHP Fatal error:  require(): Failed opening required './vendor/autoload.php' (include_path='.:/usr/share/php:/usr/share/pear') in /home/ubuntu/workspace/php/createUser.php on line 3
[26-Oct-2017 13:36:28 UTC] PHP Stack trace:
[26-Oct-2017 13:36:28 UTC] PHP   1. {main}() /home/ubuntu/workspace/php/createUser.php:0
[26-Oct-2017 13:36:36 UTC] PHP Warning:  require_once(./generated-conf/config.php): failed to open stream: No such file or directory in /home/ubuntu/workspace/php/createUser.php on line 4
[26-Oct-2017 13:36:36 UTC] PHP Stack trace:
[26-Oct-2017 13:36:36 UTC] PHP   1. {main}() /home/ubuntu/workspace/php/createUser.php:0
[26-Oct-2017 13:36:36 UTC] PHP Fatal error:  require_once(): Failed opening required './generated-conf/config.php' (include_path='.:/usr/share/php:/usr/share/pear') in /home/ubuntu/workspace/php/createUser.php on line 4
[26-Oct-2017 13:36:36 UTC] PHP Stack trace:
[26-Oct-2017 13:36:36 UTC] PHP   1. {main}() /home/ubuntu/workspace/php/createUser.php:0
[26-Oct-2017 13:37:04 UTC] PHP Fatal error:  Uncaught  --> Smarty: Unable to load template 'file:masterPage.tpl' in '../templates/createUser.tpl' <-- 
  thrown in /home/ubuntu/workspace/vendor/smarty/smarty/libs/sysplugins/smarty_internal_template.php on line 185
[26-Oct-2017 13:37:45 UTC] PHP Fatal error:  Uncaught  --> Smarty Compiler: Syntax error in template "file:/home/ubuntu/workspace/templates/masterPage.tpl"  on line 38 "{$smarty.block.child}"  tag {$smarty.block.child} used outside {block} tags  <-- 
  thrown in /home/ubuntu/workspace/vendor/smarty/smarty/libs/sysplugins/smarty_internal_templatecompilerbase.php on line 38
[26-Oct-2017 13:37:45 UTC] PHP Fatal error:  Uncaught  --> Smarty Compiler: Syntax error in template "file:/home/ubuntu/workspace/templates/masterPage.tpl"  on line 38 "{$smarty.block.child}"  tag {$smarty.block.child} used outside {block} tags  <-- 
  thrown in /home/ubuntu/workspace/vendor/smarty/smarty/libs/sysplugins/smarty_internal_templatecompilerbase.php on line 38
[26-Oct-2017 14:08:30 UTC] PHP Warning:  require(vendor/autoload.php): failed to open stream: No such file or directory in /home/ubuntu/workspace/php/accueil.php on line 3
[26-Oct-2017 14:08:30 UTC] PHP Stack trace:
[26-Oct-2017 14:08:30 UTC] PHP   1. {main}() /home/ubuntu/workspace/php/accueil.php:0
[26-Oct-2017 14:08:30 UTC] PHP Fatal error:  require(): Failed opening required 'vendor/autoload.php' (include_path='.:/usr/share/php:/usr/share/pear') in /home/ubuntu/workspace/php/accueil.php on line 3
[26-Oct-2017 14:08:30 UTC] PHP Stack trace:
[26-Oct-2017 14:08:30 UTC] PHP   1. {main}() /home/ubuntu/workspace/php/accueil.php:0
[26-Oct-2017 14:09:05 UTC] PHP Warning:  require_once(generated-conf/config.php): failed to open stream: No such file or directory in /home/ubuntu/workspace/php/accueil.php on line 4
[26-Oct-2017 14:09:05 UTC] PHP Stack trace:
[26-Oct-2017 14:09:05 UTC] PHP   1. {main}() /home/ubuntu/workspace/php/accueil.php:0
[26-Oct-2017 14:09:05 UTC] PHP Fatal error:  require_once(): Failed opening required 'generated-conf/config.php' (include_path='.:/usr/share/php:/usr/share/pear') in /home/ubuntu/workspace/php/accueil.php on line 4
[26-Oct-2017 14:09:05 UTC] PHP Stack trace:
[26-Oct-2017 14:09:05 UTC] PHP   1. {main}() /home/ubuntu/workspace/php/accueil.php:0
[26-Oct-2017 14:09:06 UTC] PHP Warning:  require_once(generated-conf/config.php): failed to open stream: No such file or directory in /home/ubuntu/workspace/php/accueil.php on line 4
[26-Oct-2017 14:09:06 UTC] PHP Stack trace:
[26-Oct-2017 14:09:06 UTC] PHP   1. {main}() /home/ubuntu/workspace/php/accueil.php:0
[26-Oct-2017 14:09:06 UTC] PHP Fatal error:  require_once(): Failed opening required 'generated-conf/config.php' (include_path='.:/usr/share/php:/usr/share/pear') in /home/ubuntu/workspace/php/accueil.php on line 4
[26-Oct-2017 14:09:06 UTC] PHP Stack trace:
[26-Oct-2017 14:09:06 UTC] PHP   1. {main}() /home/ubuntu/workspace/php/accueil.php:0
[26-Oct-2017 14:09:07 UTC] PHP Warning:  require_once(generated-conf/config.php): failed to open stream: No such file or directory in /home/ubuntu/workspace/php/accueil.php on line 4
[26-Oct-2017 14:09:07 UTC] PHP Stack trace:
[26-Oct-2017 14:09:07 UTC] PHP   1. {main}() /home/ubuntu/workspace/php/accueil.php:0
[26-Oct-2017 14:09:07 UTC] PHP Fatal error:  require_once(): Failed opening required 'generated-conf/config.php' (include_path='.:/usr/share/php:/usr/share/pear') in /home/ubuntu/workspace/php/accueil.php on line 4
[26-Oct-2017 14:09:07 UTC] PHP Stack trace:
[26-Oct-2017 14:09:07 UTC] PHP   1. {main}() /home/ubuntu/workspace/php/accueil.php:0
[26-Oct-2017 14:09:07 UTC] PHP Warning:  require_once(generated-conf/config.php): failed to open stream: No such file or directory in /home/ubuntu/workspace/php/accueil.php on line 4
[26-Oct-2017 14:09:07 UTC] PHP Stack trace:
[26-Oct-2017 14:09:07 UTC] PHP   1. {main}() /home/ubuntu/workspace/php/accueil.php:0
[26-Oct-2017 14:09:07 UTC] PHP Fatal error:  require_once(): Failed opening required 'generated-conf/config.php' (include_path='.:/usr/share/php:/usr/share/pear') in /home/ubuntu/workspace/php/accueil.php on line 4
[26-Oct-2017 14:09:07 UTC] PHP Stack trace:
[26-Oct-2017 14:09:07 UTC] PHP   1. {main}() /home/ubuntu/workspace/php/accueil.php:0
[26-Oct-2017 14:11:02 UTC] PHP Fatal error:  Call to a member function display() on a non-object in /home/ubuntu/workspace/php/accueil.php on line 4
[26-Oct-2017 14:11:02 UTC] PHP Stack trace:
[26-Oct-2017 14:11:02 UTC] PHP   1. {main}() /home/ubuntu/workspace/php/accueil.php:0
[26-Oct-2017 14:11:11 UTC] PHP Warning:  require(vendor/autoload.php): failed to open stream: No such file or directory in /home/ubuntu/workspace/php/accueil.php on line 3
[26-Oct-2017 14:11:11 UTC] PHP Stack trace:
[26-Oct-2017 14:11:11 UTC] PHP   1. {main}() /home/ubuntu/workspace/php/accueil.php:0
[26-Oct-2017 14:11:11 UTC] PHP Fatal error:  require(): Failed opening required 'vendor/autoload.php' (include_path='.:/usr/share/php:/usr/share/pear') in /home/ubuntu/workspace/php/accueil.php on line 3
[26-Oct-2017 14:11:11 UTC] PHP Stack trace:
[26-Oct-2017 14:11:11 UTC] PHP   1. {main}() /home/ubuntu/workspace/php/accueil.php:0
[26-Oct-2017 14:11:17 UTC] PHP Warning:  require(vendor/autoload.php): failed to open stream: No such file or directory in /home/ubuntu/workspace/php/accueil.php on line 3
[26-Oct-2017 14:11:17 UTC] PHP Stack trace:
[26-Oct-2017 14:11:17 UTC] PHP   1. {main}() /home/ubuntu/workspace/php/accueil.php:0
[26-Oct-2017 14:11:17 UTC] PHP Fatal error:  require(): Failed opening required 'vendor/autoload.php' (include_path='.:/usr/share/php:/usr/share/pear') in /home/ubuntu/workspace/php/accueil.php on line 3
[26-Oct-2017 14:11:17 UTC] PHP Stack trace:
[26-Oct-2017 14:11:17 UTC] PHP   1. {main}() /home/ubuntu/workspace/php/accueil.php:0
[26-Oct-2017 14:11:19 UTC] PHP Warning:  require(vendor/autoload.php): failed to open stream: No such file or directory in /home/ubuntu/workspace/php/accueil.php on line 3
[26-Oct-2017 14:11:19 UTC] PHP Stack trace:
[26-Oct-2017 14:11:19 UTC] PHP   1. {main}() /home/ubuntu/workspace/php/accueil.php:0
[26-Oct-2017 14:11:19 UTC] PHP Fatal error:  require(): Failed opening required 'vendor/autoload.php' (include_path='.:/usr/share/php:/usr/share/pear') in /home/ubuntu/workspace/php/accueil.php on line 3
[26-Oct-2017 14:11:19 UTC] PHP Stack trace:
[26-Oct-2017 14:11:19 UTC] PHP   1. {main}() /home/ubuntu/workspace/php/accueil.php:0
[26-Oct-2017 14:11:19 UTC] PHP Warning:  require(vendor/autoload.php): failed to open stream: No such file or directory in /home/ubuntu/workspace/php/accueil.php on line 3
[26-Oct-2017 14:11:19 UTC] PHP Stack trace:
[26-Oct-2017 14:11:19 UTC] PHP   1. {main}() /home/ubuntu/workspace/php/accueil.php:0
[26-Oct-2017 14:11:19 UTC] PHP Fatal error:  require(): Failed opening required 'vendor/autoload.php' (include_path='.:/usr/share/php:/usr/share/pear') in /home/ubuntu/workspace/php/accueil.php on line 3
[26-Oct-2017 14:11:19 UTC] PHP Stack trace:
[26-Oct-2017 14:11:19 UTC] PHP   1. {main}() /home/ubuntu/workspace/php/accueil.php:0
[26-Oct-2017 14:21:29 UTC] PHP Fatal error:  Call to a member function display() on a non-object in /home/ubuntu/workspace/php/createUser.php on line 2
[26-Oct-2017 14:21:29 UTC] PHP Stack trace:
[26-Oct-2017 14:21:29 UTC] PHP   1. {main}() /home/ubuntu/workspace/php/createUser.php:0
[06-Nov-2017 09:12:47 UTC] PHP Fatal error:  Call to a member function display() on a non-object in /home/ubuntu/workspace/php/createUser.php on line 2
[06-Nov-2017 09:12:47 UTC] PHP Stack trace:
[06-Nov-2017 09:12:47 UTC] PHP   1. {main}() /home/ubuntu/workspace/php/createUser.php:0
[06-Nov-2017 09:12:57 UTC] PHP Fatal error:  Call to a member function display() on a non-object in /home/ubuntu/workspace/php/createUser.php on line 2
[06-Nov-2017 09:12:57 UTC] PHP Stack trace:
[06-Nov-2017 09:12:57 UTC] PHP   1. {main}() /home/ubuntu/workspace/php/createUser.php:0
[06-Nov-2017 09:56:55 UTC] PHP Fatal error:  Call to a member function display() on a non-object in /home/ubuntu/workspace/php/createUser.php on line 2
[06-Nov-2017 09:56:55 UTC] PHP Stack trace:
[06-Nov-2017 09:56:55 UTC] PHP   1. {main}() /home/ubuntu/workspace/php/createUser.php:0
[30-Nov-2017 10:03:27 UTC] PHP Fatal error:  Call to a member function display() on a non-object in /home/ubuntu/workspace/php/produit.php on line 2
[30-Nov-2017 10:03:27 UTC] PHP Stack trace:
[30-Nov-2017 10:03:27 UTC] PHP   1. {main}() /home/ubuntu/workspace/php/produit.php:0
[30-Nov-2017 10:03:58 UTC] PHP Fatal error:  Call to a member function display() on a non-object in /home/ubuntu/workspace/php/produit.php on line 2
[30-Nov-2017 10:03:58 UTC] PHP Stack trace:
[30-Nov-2017 10:03:58 UTC] PHP   1. {main}() /home/ubuntu/workspace/php/produit.php:0
[30-Nov-2017 10:04:02 UTC] PHP Fatal error:  Call to a member function display() on a non-object in /home/ubuntu/workspace/php/produit.php on line 2
[30-Nov-2017 10:04:02 UTC] PHP Stack trace:
[30-Nov-2017 10:04:02 UTC] PHP   1. {main}() /home/ubuntu/workspace/php/produit.php:0
